<?xml version="1.0" encoding="utf-8"?><testsuite errors="0" failures="0" name="pytest" skipped="0" tests="8" time="0.064"><testcase classname="test_submit.EmailValidTests" file="test_submit.py" line="94" name="test_eight" time="0.002"></testcase><testcase classname="test_submit.EmailValidTests" file="test_submit.py" line="57" name="test_five" time="0.002"></testcase><testcase classname="test_submit.EmailValidTests" file="test_submit.py" line="44" name="test_four" time="0.002"></testcase><testcase classname="test_submit.EmailValidTests" file="test_submit.py" line="5" name="test_one" time="0.001"></testcase><testcase classname="test_submit.EmailValidTests" file="test_submit.py" line="81" name="test_seven" time="0.003"></testcase><testcase classname="test_submit.EmailValidTests" file="test_submit.py" line="69" name="test_six" time="0.004"></testcase><testcase classname="test_submit.EmailValidTests" file="test_submit.py" line="28" name="test_three" time="0.000"></testcase><testcase classname="test_submit.EmailValidTests" file="test_submit.py" line="19" name="test_two" time="0.003"></testcase></testsuite>