<?xml version="1.0" encoding="utf-8"?><testsuite errors="0" failures="0" name="pytest" skips="0" tests="8" time="0.102"><testcase classname="test_submit.SellersRankingTests" file="test_submit.py" line="5" name="test_best_seller" time="0.0020003318786621094"></testcase><testcase classname="test_submit.SellersRankingTests" file="test_submit.py" line="63" name="test_best_seller_store" time="0.0019998550415039062"></testcase><testcase classname="test_submit.SellersRankingTests" file="test_submit.py" line="57" name="test_best_seller_store_two" time="0.0010001659393310547"></testcase><testcase classname="test_submit.SellersRankingTests" file="test_submit.py" line="33" name="test_best_seller_three" time="0.003000020980834961"></testcase><testcase classname="test_submit.SellersRankingTests" file="test_submit.py" line="18" name="test_best_seller_two" time="0.0030002593994140625"></testcase><testcase classname="test_submit.SellersRankingTests" file="test_submit.py" line="38" name="test_ranking_list" time="0.0"></testcase><testcase classname="test_submit.SellersRankingTests" file="test_submit.py" line="51" name="test_ranking_list_two" time="0.0"></testcase><testcase classname="test_submit.SellersRankingTests" file="test_submit.py" line="76" name="test_sales_goals" time="0.0009999275207519531"></testcase></testsuite>